[0m22:50:22.311417 [debug] [MainThread]: Sending event: {'category': 'dbt', 'action': 'invocation', 'label': 'start', 'context': [<snowplow_tracker.self_describing_json.SelfDescribingJson object at 0x000001B0C3AB8230>, <snowplow_tracker.self_describing_json.SelfDescribingJson object at 0x000001B0C4143E30>, <snowplow_tracker.self_describing_json.SelfDescribingJson object at 0x000001B0C41407A0>]}


============================== 22:50:22.327176 | f6517e1f-d3e2-4902-83ec-b105fdb4a078 ==============================
[0m22:50:22.327176 [info ] [MainThread]: Running with dbt=1.10.2
[0m22:50:22.327176 [debug] [MainThread]: running dbt with arguments {'printer_width': '80', 'indirect_selection': 'eager', 'log_cache_events': 'False', 'write_json': 'True', 'partial_parse': 'True', 'cache_selected_only': 'False', 'warn_error': 'None', 'fail_fast': 'False', 'profiles_dir': 'C:\\Users\\Abdul Wahab\\.dbt', 'log_path': 'logs', 'debug': 'False', 'version_check': 'True', 'use_colors': 'True', 'use_experimental_parser': 'False', 'no_print': 'None', 'quiet': 'False', 'empty': 'None', 'warn_error_options': 'WarnErrorOptionsV2(error=[], warn=[], silence=[])', 'invocation_command': 'dbt init nyc_transportation_dw', 'introspect': 'True', 'log_format': 'default', 'target_path': 'None', 'static_parser': 'True', 'send_anonymous_usage_stats': 'True'}
[0m22:50:22.405749 [debug] [MainThread]: Starter project path: C:\Users\Abdul Wahab\Downloads\8th semester\Data Warehouse-Theory\Project Guidelines.docx\Project\pro_env\Lib\site-packages\dbt\include\starter_project
[0m22:50:22.463934 [info ] [MainThread]: 
Your new dbt project "nyc_transportation_dw" was created!

For more information on how to configure the profiles.yml file,
please consult the dbt documentation here:

  https://docs.getdbt.com/docs/configure-your-profile

One more thing:

Need help? Don't hesitate to reach out to us via GitHub issues or on Slack:

  https://community.getdbt.com/

Happy modeling!

[0m22:50:22.475394 [info ] [MainThread]: Setting up your profile.
[0m22:52:05.311134 [info ] [MainThread]: Profile nyc_transportation_dw written to C:\Users\Abdul Wahab\.dbt\profiles.yml using target's profile_template.yml and your supplied values. Run 'dbt debug' to validate the connection.
[0m22:52:05.313735 [debug] [MainThread]: Command `dbt init` succeeded at 22:52:05.313735 after 103.29 seconds
[0m22:52:05.315489 [debug] [MainThread]: Sending event: {'category': 'dbt', 'action': 'invocation', 'label': 'end', 'context': [<snowplow_tracker.self_describing_json.SelfDescribingJson object at 0x000001B0C4683650>, <snowplow_tracker.self_describing_json.SelfDescribingJson object at 0x000001B0D65D9940>, <snowplow_tracker.self_describing_json.SelfDescribingJson object at 0x000001B0D6581280>]}
[0m22:52:05.315489 [debug] [MainThread]: Flushing usage events
[0m22:52:06.467479 [debug] [MainThread]: An error was encountered while trying to flush usage events
